<?xml version="1.0" encoding="UTF-8"?>
<!-- Generated by org.testng.reporters.JUnitReportReporter -->
<testsuite hostname="DESKTOP-ERMO56R" failures="0" tests="3" name="com.qa.wildcart.test.RegisterPageTest" time="7.684" errors="0" timestamp="18 Jan 2021 21:42:55 GMT" skipped="0">
  <testcase classname="com.qa.wildcart.test.RegisterPageTest" name="userRegisterationTest" time="2.362"/>
  <testcase classname="com.qa.wildcart.test.RegisterPageTest" name="userRegisterationTest" time="2.651"/>
  <testcase classname="com.qa.wildcart.test.RegisterPageTest" name="userRegisterationTest" time="2.671"/>
</testsuite> <!-- com.qa.wildcart.test.RegisterPageTest -->
