<?xml version="1.0" encoding="UTF-8"?>
<!-- Generated by org.testng.reporters.JUnitReportReporter -->
<testsuite hostname="DESKTOP-ERMO56R" failures="0" tests="3" name="com.qa.wildcart.test.LoginPageTest" time="1.801" errors="0" timestamp="11 Aug 2021 03:10:45 GMT" skipped="0">
  <testcase classname="com.qa.wildcart.test.LoginPageTest" name="verifySignUpLinkTest" time="0.545"/>
  <testcase classname="com.qa.wildcart.test.LoginPageTest" name="verifyPageTitle" time="0.021"/>
  <testcase classname="com.qa.wildcart.test.LoginPageTest" name="loginTest" time="1.235"/>
</testsuite> <!-- com.qa.wildcart.test.LoginPageTest -->
