<?xml version="1.0" encoding="UTF-8"?>
<!-- Generated by org.testng.reporters.JUnitReportReporter -->
<testsuite hostname="DESKTOP-ERMO56R" failures="0" tests="3" name="com.qa.wildcart.test.LoginPageTest" time="2.735" errors="0" timestamp="19 Aug 2021 12:23:21 GMT" skipped="0">
  <testcase classname="com.qa.wildcart.test.LoginPageTest" name="verifySignUpLinkTest" time="0.572"/>
  <testcase classname="com.qa.wildcart.test.LoginPageTest" name="verifyPageTitle" time="0.017"/>
  <testcase classname="com.qa.wildcart.test.LoginPageTest" name="loginTest" time="2.146"/>
</testsuite> <!-- com.qa.wildcart.test.LoginPageTest -->
