<?xml version="1.0" encoding="UTF-8"?>
<!-- Generated by org.testng.reporters.JUnitReportReporter -->
<testsuite hostname="DESKTOP-ERMO56R" failures="0" tests="3" name="com.qa.wildcart.test.HomePageTest" time="1.165" errors="0" timestamp="19 Jan 2021 02:11:00 GMT" skipped="0">
  <testcase classname="com.qa.wildcart.test.HomePageTest" name="verifyHomePageTitle" time="0.013"/>
  <testcase classname="com.qa.wildcart.test.HomePageTest" name="verifyLoggedUserTest" time="1.123"/>
  <testcase classname="com.qa.wildcart.test.HomePageTest" name="verifyProdListCount" time="0.029"/>
</testsuite> <!-- com.qa.wildcart.test.HomePageTest -->
