<?xml version="1.0" encoding="UTF-8"?>
<!-- Generated by org.testng.reporters.JUnitReportReporter -->
<testsuite hostname="DESKTOP-ERMO56R" failures="0" tests="3" name="com.qa.wildcart.test.HomePageTest" time="1.067" errors="0" timestamp="29 Jan 2021 04:05:32 GMT" skipped="0">
  <testcase classname="com.qa.wildcart.test.HomePageTest" name="verifyHomePageTitle" time="0.102"/>
  <testcase classname="com.qa.wildcart.test.HomePageTest" name="verifyLoggedUserTest" time="0.928"/>
  <testcase classname="com.qa.wildcart.test.HomePageTest" name="verifyProdListCount" time="0.037"/>
</testsuite> <!-- com.qa.wildcart.test.HomePageTest -->
