<?xml version="1.0" encoding="UTF-8"?>
<!-- Generated by org.testng.reporters.JUnitReportReporter -->
<testsuite hostname="DESKTOP-ERMO56R" failures="0" tests="3" name="com.qa.wildcart.test.LoginPageTest" time="10.701" errors="0" timestamp="29 Jan 2021 04:05:32 GMT" skipped="0">
  <testcase classname="com.qa.wildcart.test.LoginPageTest" name="verifySignUpLinkTest" time="4.023"/>
  <testcase classname="com.qa.wildcart.test.LoginPageTest" name="verifyPageTitle" time="0.120"/>
  <testcase classname="com.qa.wildcart.test.LoginPageTest" name="loginTest" time="6.558"/>
</testsuite> <!-- com.qa.wildcart.test.LoginPageTest -->
