<?xml version="1.0" encoding="UTF-8"?>
<!-- Generated by org.testng.reporters.JUnitReportReporter -->
<testsuite hostname="DESKTOP-ERMO56R" failures="0" tests="3" name="com.qa.wildcart.test.HomePageTest" time="0.344" errors="0" timestamp="19 Aug 2021 12:23:21 GMT" skipped="0">
  <testcase classname="com.qa.wildcart.test.HomePageTest" name="verifyHomePageTitle" time="0.018"/>
  <testcase classname="com.qa.wildcart.test.HomePageTest" name="verifyLoggedUserTest" time="0.305"/>
  <testcase classname="com.qa.wildcart.test.HomePageTest" name="verifyProdListCount" time="0.021"/>
</testsuite> <!-- com.qa.wildcart.test.HomePageTest -->
