<?xml version="1.0" encoding="UTF-8"?>
<!-- Generated by org.testng.reporters.JUnitReportReporter -->
<testsuite hostname="DESKTOP-ERMO56R" failures="0" tests="3" name="com.qa.wildcart.test.LoginPageTest" time="1.770" errors="0" timestamp="19 Jan 2021 02:51:15 GMT" skipped="0">
  <testcase classname="com.qa.wildcart.test.LoginPageTest" name="verifySignUpLinkTest" time="0.570"/>
  <testcase classname="com.qa.wildcart.test.LoginPageTest" name="verifyPageTitle" time="0.025"/>
  <testcase classname="com.qa.wildcart.test.LoginPageTest" name="loginTest" time="1.175"/>
</testsuite> <!-- com.qa.wildcart.test.LoginPageTest -->
