<?xml version="1.0" encoding="UTF-8"?>
<!-- Generated by org.testng.reporters.JUnitReportReporter -->
<testsuite skipped="0" hostname="DESKTOP-ERMO56R" name="com.qa.wildcart.test.LoginPageTest" tests="1" failures="0" timestamp="19 Jan 2021 03:16:22 GMT" time="0.592" errors="0">
  <testcase name="verifySignUpLinkTest" time="0.592" classname="com.qa.wildcart.test.LoginPageTest"/>
</testsuite> <!-- com.qa.wildcart.test.LoginPageTest -->
