<?xml version="1.0" encoding="UTF-8"?>
<!-- Generated by org.testng.reporters.JUnitReportReporter -->
<testsuite skipped="0" hostname="DESKTOP-ERMO56R" name="com.qa.wildcart.test.LoginPageTest" tests="3" failures="0" timestamp="29 Jan 2021 04:09:54 GMT" time="11.585" errors="0">
  <testcase name="verifySignUpLinkTest" time="4.144" classname="com.qa.wildcart.test.LoginPageTest"/>
  <testcase name="verifyPageTitle" time="0.107" classname="com.qa.wildcart.test.LoginPageTest"/>
  <testcase name="loginTest" time="7.334" classname="com.qa.wildcart.test.LoginPageTest"/>
</testsuite> <!-- com.qa.wildcart.test.LoginPageTest -->
