<?xml version="1.0" encoding="UTF-8"?>
<!-- Generated by org.testng.reporters.JUnitReportReporter -->
<testsuite skipped="0" hostname="DESKTOP-ERMO56R" name="com.qa.wildcart.test.HomePageTest" tests="3" failures="0" timestamp="19 Jan 2021 03:13:12 GMT" time="1.014" errors="0">
  <testcase name="verifyHomePageTitle" time="0.009" classname="com.qa.wildcart.test.HomePageTest"/>
  <testcase name="verifyLoggedUserTest" time="0.977" classname="com.qa.wildcart.test.HomePageTest"/>
  <testcase name="verifyProdListCount" time="0.028" classname="com.qa.wildcart.test.HomePageTest"/>
</testsuite> <!-- com.qa.wildcart.test.HomePageTest -->
