<?xml version="1.0" encoding="UTF-8"?>
<!-- Generated by org.testng.reporters.JUnitReportReporter -->
<testsuite skipped="0" hostname="DESKTOP-ERMO56R" name="com.qa.wildcart.test.HomePageTest" tests="3" failures="0" timestamp="29 Jan 2021 04:09:54 GMT" time="1.094" errors="0">
  <testcase name="verifyHomePageTitle" time="0.057" classname="com.qa.wildcart.test.HomePageTest"/>
  <testcase name="verifyLoggedUserTest" time="0.990" classname="com.qa.wildcart.test.HomePageTest"/>
  <testcase name="verifyProdListCount" time="0.047" classname="com.qa.wildcart.test.HomePageTest"/>
</testsuite> <!-- com.qa.wildcart.test.HomePageTest -->
